------------------------------------------------------------------------------------------------------------------------

[2023-11-28 16:34:47 #1 store] 
Database 'C:\Users\dam\Downloads\HospitalHibernateOdinyJavier\Hospital\db\pacientes.odb' is opened by 23208@A33P23

[2023-11-28 16:34:47 #2 store] 
Configuration path: ?

[2023-11-28 16:35:07 #3 type] 
Type modelo.Hospital is not enhanced.

------------------------------------------------------------------------------------------------------------------------

[2023-11-28 16:47:53 #1 store] 
Database 'C:\Users\dam\Downloads\HospitalHibernateOdinyJavier\Hospital\db\pacientes.odb' is opened by 11320@A33P23

[2023-11-28 16:47:53 #2 store] 
Configuration path: ?

[2023-11-28 16:47:53 #3 type] 
Type modelo.Hospital is not enhanced.

------------------------------------------------------------------------------------------------------------------------

[2023-11-28 16:49:38 #1 explorer] 
[ObjectDB 2.8.8] javax.persistence.PersistenceException
Attempt to open a database file 'C:\Users\dam\Downloads\HospitalHibernateOdinyJavier\Hospital\db\pacientes.odb' that is currently in use by another process (error 141)
	at com.objectdb.Explorer$1.run(Explorer.java:57)
	at java.desktop/java.awt.event.InvocationEvent.dispatch(InvocationEvent.java:318)
	at java.desktop/java.awt.EventQueue.dispatchEventImpl(EventQueue.java:771)
	at java.desktop/java.awt.EventQueue$4.run(EventQueue.java:722)
	at java.desktop/java.awt.EventQueue$4.run(EventQueue.java:716)
	at java.base/java.security.AccessController.doPrivileged(AccessController.java:399)
	at java.base/java.security.ProtectionDomain$JavaSecurityAccessImpl.doIntersectionPrivilege(ProtectionDomain.java:86)
	at java.desktop/java.awt.EventQueue.dispatchEvent(EventQueue.java:741)
	at java.desktop/java.awt.EventDispatchThread.pumpOneEventForFilters(EventDispatchThread.java:203)
	at java.desktop/java.awt.EventDispatchThread.pumpEventsForFilter(EventDispatchThread.java:124)
	at java.desktop/java.awt.EventDispatchThread.pumpEventsForHierarchy(EventDispatchThread.java:113)
	at java.desktop/java.awt.EventDispatchThread.pumpEvents(EventDispatchThread.java:109)
	at java.desktop/java.awt.EventDispatchThread.pumpEvents(EventDispatchThread.java:101)
	at java.desktop/java.awt.EventDispatchThread.run(EventDispatchThread.java:90)
Caused by: com.objectdb.o.UserException: Attempt to open a database file 'C:\Users\dam\Downloads\HospitalHibernateOdinyJavier\Hospital\db\pacientes.odb' that is currently in use by another process
	at com.objectdb.o.MSG.a(MSG.java:64)
	at com.objectdb.o.LFL.J(LFL.java:947)
	at com.objectdb.o.LFL.x(LFL.java:904)
	at com.objectdb.o.LFL.x(LFL.java:814)
	at com.objectdb.o.DFL.<init>(DFL.java:241)
	at com.objectdb.o.DMG.<init>(DMG.java:27)
	at com.objectdb.o.MST.<init>(MST.java:127)
	at com.objectdb.o.MST.ap(MST.java:109)
	at com.objectdb.o.MSF.Zx(MSF.java:190)
	at com.objectdb.o.OMF.s(OMF.java:805)
	at com.objectdb.jpa.EMF.s(EMF.java:130)
	at com.objectdb.o.OMF.x(OMF.java:716)
	at com.objectdb.jpa.EMF.createEntityManager(EMF.java:149)
	... 16 more

[2023-11-28 16:49:47 #2 explorer] 
[ObjectDB 2.8.8] javax.persistence.PersistenceException
Attempt to open a database file 'C:\Users\dam\Downloads\HospitalHibernateOdinyJavier\Hospital\db\pacientes.odb' that is currently in use by another process (error 141)
	at java.desktop/javax.swing.AbstractButton.fireActionPerformed(AbstractButton.java:1972)
	at java.desktop/javax.swing.AbstractButton$Handler.actionPerformed(AbstractButton.java:2313)
	at java.desktop/javax.swing.DefaultButtonModel.fireActionPerformed(DefaultButtonModel.java:405)
	at java.desktop/javax.swing.DefaultButtonModel.setPressed(DefaultButtonModel.java:262)
	at java.desktop/javax.swing.AbstractButton.doClick(AbstractButton.java:374)
	at java.desktop/javax.swing.plaf.basic.BasicMenuItemUI.doClick(BasicMenuItemUI.java:1028)
	at java.desktop/javax.swing.plaf.basic.BasicMenuItemUI$Handler.mouseReleased(BasicMenuItemUI.java:1072)
	at java.desktop/java.awt.Component.processMouseEvent(Component.java:6626)
	at java.desktop/javax.swing.JComponent.processMouseEvent(JComponent.java:3389)
	at java.desktop/java.awt.Component.processEvent(Component.java:6391)
	at java.desktop/java.awt.Container.processEvent(Container.java:2266)
	at java.desktop/java.awt.Component.dispatchEventImpl(Component.java:5001)
	at java.desktop/java.awt.Container.dispatchEventImpl(Container.java:2324)
	at java.desktop/java.awt.Component.dispatchEvent(Component.java:4833)
	at java.desktop/java.awt.LightweightDispatcher.retargetMouseEvent(Container.java:4948)
	at java.desktop/java.awt.LightweightDispatcher.processMouseEvent(Container.java:4575)
	at java.desktop/java.awt.LightweightDispatcher.dispatchEvent(Container.java:4516)
	at java.desktop/java.awt.Container.dispatchEventImpl(Container.java:2310)
	at java.desktop/java.awt.Window.dispatchEventImpl(Window.java:2780)
	at java.desktop/java.awt.Component.dispatchEvent(Component.java:4833)
	at java.desktop/java.awt.EventQueue.dispatchEventImpl(EventQueue.java:773)
	at java.desktop/java.awt.EventQueue$4.run(EventQueue.java:722)
	at java.desktop/java.awt.EventQueue$4.run(EventQueue.java:716)
	at java.base/java.security.AccessController.doPrivileged(AccessController.java:399)
	at java.base/java.security.ProtectionDomain$JavaSecurityAccessImpl.doIntersectionPrivilege(ProtectionDomain.java:86)
	at java.base/java.security.ProtectionDomain$JavaSecurityAccessImpl.doIntersectionPrivilege(ProtectionDomain.java:97)
	at java.desktop/java.awt.EventQueue$5.run(EventQueue.java:746)
	at java.desktop/java.awt.EventQueue$5.run(EventQueue.java:744)
	at java.base/java.security.AccessController.doPrivileged(AccessController.java:399)
	at java.base/java.security.ProtectionDomain$JavaSecurityAccessImpl.doIntersectionPrivilege(ProtectionDomain.java:86)
	at java.desktop/java.awt.EventQueue.dispatchEvent(EventQueue.java:743)
	at java.desktop/java.awt.EventDispatchThread.pumpOneEventForFilters(EventDispatchThread.java:203)
	at java.desktop/java.awt.EventDispatchThread.pumpEventsForFilter(EventDispatchThread.java:124)
	at java.desktop/java.awt.EventDispatchThread.pumpEventsForHierarchy(EventDispatchThread.java:113)
	at java.desktop/java.awt.EventDispatchThread.pumpEvents(EventDispatchThread.java:109)
	at java.desktop/java.awt.EventDispatchThread.pumpEvents(EventDispatchThread.java:101)
	at java.desktop/java.awt.EventDispatchThread.run(EventDispatchThread.java:90)
Caused by: com.objectdb.o.UserException: Attempt to open a database file 'C:\Users\dam\Downloads\HospitalHibernateOdinyJavier\Hospital\db\pacientes.odb' that is currently in use by another process
	at com.objectdb.o.MSG.a(MSG.java:64)
	at com.objectdb.o.LFL.J(LFL.java:947)
	at com.objectdb.o.LFL.x(LFL.java:904)
	at com.objectdb.o.LFL.x(LFL.java:814)
	at com.objectdb.o.DFL.<init>(DFL.java:241)
	at com.objectdb.o.DMG.<init>(DMG.java:27)
	at com.objectdb.o.MST.<init>(MST.java:127)
	at com.objectdb.o.MST.ap(MST.java:109)
	at com.objectdb.o.MSF.Zx(MSF.java:190)
	at com.objectdb.o.OMF.s(OMF.java:805)
	at com.objectdb.jpa.EMF.s(EMF.java:130)
	at com.objectdb.o.OMF.x(OMF.java:716)
	at com.objectdb.jpa.EMF.createEntityManager(EMF.java:149)
	... 39 more

[2023-11-28 16:49:54 #3 store] 
Database 'C:\Users\dam\Downloads\HospitalHibernateOdinyJavier\Hospital\db\pacientes.odb' is opened by 16080@A33P23

[2023-11-28 16:49:54 #4 store] 
Configuration path: ?

------------------------------------------------------------------------------------------------------------------------

[2023-11-28 16:50:25 #1 store] 
Database 'C:\Users\dam\Downloads\HospitalHibernateOdinyJavier\Hospital\db\pacientes.odb' is opened by 9348@A33P23

[2023-11-28 16:50:25 #2 store] 
Configuration path: ?

[2023-11-28 16:50:25 #3 type] 
Type modelo.Hospital is not enhanced.

------------------------------------------------------------------------------------------------------------------------

[2023-11-28 16:50:42 #1 store] 
Database 'C:\Users\dam\Downloads\HospitalHibernateOdinyJavier\Hospital\db\pacientes.odb' is opened by 21600@A33P23

[2023-11-28 16:50:42 #2 store] 
Configuration path: ?

[2023-11-28 16:50:42 #3 type] 
Type modelo.Hospital is not enhanced.

------------------------------------------------------------------------------------------------------------------------

[2023-11-28 16:51:09 #1 store] 
Database 'C:\Users\dam\Downloads\HospitalHibernateOdinyJavier\Hospital\db\pacientes.odb' has been recovered (tr. 4-4)

[2023-11-28 16:51:09 #2 store] 
Database 'C:\Users\dam\Downloads\HospitalHibernateOdinyJavier\Hospital\db\pacientes.odb' is opened by 5736@A33P23

[2023-11-28 16:51:09 #3 store] 
Configuration path: ?

[2023-11-28 16:51:17 #4 store] 
Database 'C:\Users\dam\Downloads\HospitalHibernateOdinyJavier\Hospital\db\pacientes.odb' is closed by 5736@A33P23

------------------------------------------------------------------------------------------------------------------------

[2023-11-28 16:53:18 #1 store] 
Database 'C:\Users\dam\Downloads\HospitalHibernateOdinyJavier\Hospital\db\pacientes.odb' is opened by 5816@A33P23

[2023-11-28 16:53:18 #2 store] 
Configuration path: ?

[2023-11-28 16:53:18 #3 type] 
Type modelo.Hospital is not enhanced.

------------------------------------------------------------------------------------------------------------------------

[2023-11-28 16:53:54 #1 store] 
Database 'C:\Users\dam\Downloads\HospitalHibernateOdinyJavier\Hospital\db\pacientes.odb' is opened by 13360@A33P23

[2023-11-28 16:53:54 #2 store] 
Configuration path: ?

[2023-11-28 16:53:54 #3 type] 
Type modelo.Hospital is not enhanced.

------------------------------------------------------------------------------------------------------------------------

[2023-11-28 16:54:34 #1 store] 
Database 'C:\Users\dam\Downloads\HospitalHibernateOdinyJavier\Hospital\db\pacientes.odb' has been recovered (tr. 5-5)

[2023-11-28 16:54:34 #2 store] 
Database 'C:\Users\dam\Downloads\HospitalHibernateOdinyJavier\Hospital\db\pacientes.odb' is opened by 17376@A33P23

[2023-11-28 16:54:34 #3 store] 
Configuration path: ?

[2023-11-28 16:54:42 #4 store] 
Database 'C:\Users\dam\Downloads\HospitalHibernateOdinyJavier\Hospital\db\pacientes.odb' is closed by 17376@A33P23

